<?xml version="1.0" encoding="UTF-8"?>
<!-- Generated by org.testng.reporters.JUnitReportReporter -->
<testsuite hostname="DESKTOP-JCJ8HOK" failures="0" tests="2" name="testcases.Session" time="0.016" errors="0" timestamp="17 Nov 2021 14:00:31 GMT" skipped="0">
  <testcase classname="testcases.Session" name="doLogin" time="0.013"/>
  <testcase classname="testcases.Session" name="doLogin" time="0.003"/>
</testsuite> <!-- testcases.Session -->
