<?xml version="1.0" encoding="UTF-8"?>
<!-- Generated by org.testng.reporters.JUnitReportReporter -->
<testsuite hostname="DESKTOP-JCJ8HOK" failures="0" tests="2" name="testcases.PortifolioManagement" time="0.018" errors="0" timestamp="24 Nov 2021 13:53:14 GMT" skipped="0">
  <testcase classname="testcases.PortifolioManagement" name="deleteportifolio" time="0.008"/>
  <testcase classname="testcases.PortifolioManagement" name="createportifolio" time="0.010"/>
</testsuite> <!-- testcases.PortifolioManagement -->
