<?xml version="1.0" encoding="UTF-8"?>
<!-- Generated by org.testng.reporters.JUnitReportReporter -->
<testsuite hostname="DESKTOP-JCJ8HOK" failures="0" tests="2" name="testcases.PortifolioManagement" time="0.000" errors="0" timestamp="02 Dec 2021 13:41:45 GMT" skipped="2">
  <testcase classname="testcases.PortifolioManagement" name="createportifolio" time="0.000">
    <skipped/>
  </testcase> <!-- createportifolio -->
  <testcase classname="testcases.PortifolioManagement" name="deleteportifolio" time="0.000">
    <skipped/>
  </testcase> <!-- deleteportifolio -->
</testsuite> <!-- testcases.PortifolioManagement -->
