<?xml version="1.0" encoding="UTF-8"?>
<!-- Generated by org.testng.reporters.JUnitReportReporter -->
<testsuite hostname="DESKTOP-JCJ8HOK" failures="0" tests="2" name="testcases.Session" time="13.646" errors="0" timestamp="24 Nov 2021 13:53:14 GMT" skipped="0">
  <testcase classname="testcases.Session" name="doLogin" time="5.152"/>
  <testcase classname="testcases.Session" name="doLogin" time="8.494"/>
</testsuite> <!-- testcases.Session -->
