<?xml version="1.0" encoding="UTF-8"?>
<!-- Generated by org.testng.reporters.JUnitReportReporter -->
<testsuite hostname="DESKTOP-JCJ8HOK" failures="0" tests="1" name="testcases.PortifolioManagement" time="0.000" errors="0" timestamp="08 Dec 2021 13:38:48 GMT" skipped="1">
  <testcase classname="testcases.PortifolioManagement" name="createportifolio" time="0.000">
    <skipped/>
  </testcase> <!-- createportifolio -->
</testsuite> <!-- testcases.PortifolioManagement -->
