<?xml version="1.0" encoding="UTF-8"?>
<!-- Generated by org.testng.reporters.JUnitReportReporter -->
<testsuite hostname="DESKTOP-JCJ8HOK" failures="0" tests="2" name="testcases.Session" time="3.679" errors="0" timestamp="18 Nov 2021 13:55:28 GMT" skipped="0">
  <testcase classname="testcases.Session" name="doLogin" time="1.887"/>
  <testcase classname="testcases.Session" name="doLogin" time="1.792"/>
</testsuite> <!-- testcases.Session -->
