<?xml version="1.0" encoding="UTF-8"?>
<!-- Generated by org.testng.reporters.JUnitReportReporter -->
<testsuite hostname="DESKTOP-JCJ8HOK" failures="0" tests="2" name="testcases.Session" time="3.681" errors="0" timestamp="19 Nov 2021 13:37:10 GMT" skipped="0">
  <testcase classname="testcases.Session" name="doLogin" time="1.873"/>
  <testcase classname="testcases.Session" name="doLogin" time="1.808"/>
</testsuite> <!-- testcases.Session -->
