<?xml version="1.0" encoding="UTF-8"?>
<!-- Generated by org.testng.reporters.JUnitReportReporter -->
<testsuite hostname="DESKTOP-JCJ8HOK" failures="0" tests="4" name="testcases.PaymentManager" time="0.038" errors="0" timestamp="2021-10-21T19:49:42 IST" skipped="0">
  <testcase classname="testcases.PaymentManager" name="applyDiscount" time="0.002"/>
  <system-out/>
  <testcase classname="testcases.PaymentManager" name="applyDiscount" time="0.023"/>
  <system-out/>
  <testcase classname="testcases.PaymentManager" name="makePayment" time="0.006"/>
  <system-out/>
  <testcase classname="testcases.PaymentManager" name="makePayment" time="0.007"/>
  <system-out/>
</testsuite> <!-- testcases.PaymentManager -->
