<?xml version="1.0" encoding="UTF-8"?>
<!-- Generated by org.testng.reporters.JUnitReportReporter -->
<testsuite hostname="DESKTOP-JCJ8HOK" failures="0" tests="6" name="testcases.BookingSearch" time="0.052" errors="0" timestamp="2021-10-21T19:49:42 IST" skipped="0">
  <testcase classname="testcases.BookingSearch" name="searchHotel" time="0.005"/>
  <system-out/>
  <testcase classname="testcases.BookingSearch" name="enterGuestInfo" time="0.006"/>
  <system-out/>
  <testcase classname="testcases.BookingSearch" name="selectHotel" time="0.004"/>
  <system-out/>
  <testcase classname="testcases.BookingSearch" name="searchHotel" time="0.031"/>
  <system-out/>
  <testcase classname="testcases.BookingSearch" name="selectHotel" time="0.001"/>
  <system-out/>
  <testcase classname="testcases.BookingSearch" name="enterGuestInfo" time="0.005"/>
  <system-out/>
</testsuite> <!-- testcases.BookingSearch -->
