<?xml version="1.0" encoding="UTF-8"?>
<!-- Generated by org.testng.reporters.JUnitReportReporter -->
<testsuite hostname="DESKTOP-JCJ8HOK" failures="0" tests="4" name="testcases.CustomerCommunications" time="0.023" errors="0" timestamp="2021-10-21T19:49:42 IST" skipped="0">
  <testcase classname="testcases.CustomerCommunications" name="checkMail" time="0.006"/>
  <system-out/>
  <testcase classname="testcases.CustomerCommunications" name="checkMobile" time="0.004"/>
  <system-out/>
  <testcase classname="testcases.CustomerCommunications" name="checkMail" time="0.006"/>
  <system-out/>
  <testcase classname="testcases.CustomerCommunications" name="checkMobile" time="0.007"/>
  <system-out/>
</testsuite> <!-- testcases.CustomerCommunications -->
