<?xml version="1.0" encoding="UTF-8"?>
<!-- Generated by org.testng.reporters.JUnitReportReporter -->
<testsuite hostname="DESKTOP-JCJ8HOK" failures="0" tests="1" name="testcases.Login" time="0.047" errors="0" timestamp="2021-10-22T18:55:30 IST" skipped="0">
  <testcase classname="testcases.Login" name="f" time="0.047"/>
  <system-out/>
</testsuite> <!-- testcases.Login -->
