<?xml version="1.0" encoding="UTF-8"?>
<!-- Generated by org.testng.reporters.JUnitReportReporter -->
<testsuite hostname="DESKTOP-JCJ8HOK" failures="0" tests="6" name="gridpack.GridDemo" time="287.025" errors="0" timestamp="28 Nov 2021 05:44:46 GMT" skipped="0">
  <testcase classname="gridpack.GridDemo" name="test6" time="47.119"/>
  <testcase classname="gridpack.GridDemo" name="test2" time="45.081"/>
  <testcase classname="gridpack.GridDemo" name="test3" time="49.681"/>
  <testcase classname="gridpack.GridDemo" name="test4" time="48.886"/>
  <testcase classname="gridpack.GridDemo" name="test5" time="46.688"/>
  <testcase classname="gridpack.GridDemo" name="test1" time="49.570"/>
</testsuite> <!-- gridpack.GridDemo -->
