<?xml version="1.0" encoding="UTF-8"?>
<!-- Generated by org.testng.reporters.JUnitReportReporter -->
<testsuite hostname="DESKTOP-JCJ8HOK" failures="0" tests="3" name="excelDataDriven.DataManagementwithHashTable" time="0.070" errors="0" timestamp="26 Oct 2021 13:19:02 GMT" skipped="0">
  <testcase classname="excelDataDriven.DataManagementwithHashTable" name="f" time="0.006"/>
  <testcase classname="excelDataDriven.DataManagementwithHashTable" name="f" time="0.002"/>
  <testcase classname="excelDataDriven.DataManagementwithHashTable" name="f" time="0.062"/>
</testsuite> <!-- excelDataDriven.DataManagementwithHashTable -->
