<?xml version="1.0" encoding="UTF-8"?>
<!-- Generated by org.testng.reporters.JUnitReportReporter -->
<testsuite hostname="DESKTOP-JCJ8HOK" failures="0" tests="1" name="pageObjectModel.POM_001" time="10.985" errors="0" timestamp="27 Oct 2021 13:37:05 GMT" skipped="0">
  <testcase classname="pageObjectModel.POM_001" name="f" time="10.985"/>
</testsuite> <!-- pageObjectModel.POM_001 -->
