<?xml version="1.0" encoding="UTF-8"?>
<!-- Generated by org.testng.reporters.JUnitReportReporter -->
<testsuite hostname="DESKTOP-JCJ8HOK" failures="0" tests="2" name="excelDataDriven.FaceBookFinalVersion" time="22.469" errors="0" timestamp="26 Oct 2021 13:41:18 GMT" skipped="1">
  <testcase classname="excelDataDriven.FaceBookFinalVersion" name="f" time="9.446">
    <skipped/>
  </testcase> <!-- f -->
  <testcase classname="excelDataDriven.FaceBookFinalVersion" name="f" time="13.023"/>
</testsuite> <!-- excelDataDriven.FaceBookFinalVersion -->
