<?xml version="1.0" encoding="UTF-8"?>
<!-- Generated by org.testng.reporters.JUnitReportReporter -->
<testsuite hostname="DESKTOP-JCJ8HOK" failures="0" tests="3" name="com.project.TNG_002" time="0.022" errors="0" timestamp="2021-10-12T19:23:12 IST" skipped="1">
  <testcase classname="com.project.TNG_002" name="f" time="0.019"/>
  <system-out/>
  <testcase classname="com.project.TNG_002" name="z" time="0.003"/>
  <system-out/>
  <testcase classname="com.project.TNG_002" name="a">
    <skipped/>
  </testcase> <!-- a -->
  <system-out/>
</testsuite> <!-- com.project.TNG_002 -->
