<?xml version="1.0" encoding="UTF-8"?>
<!-- Generated by org.testng.reporters.JUnitReportReporter -->
<testsuite hostname="DESKTOP-JCJ8HOK" failures="0" tests="7" name="actions.MouseOperations" time="15.952" errors="0" timestamp="10 Nov 2021 13:42:44 GMT" skipped="6">
  <testcase classname="actions.MouseOperations" name="autoSuggestion" time="15.952"/>
  <testcase classname="actions.MouseOperations" name="dragAnddrop">
    <skipped/>
  </testcase> <!-- dragAnddrop -->
  <testcase classname="actions.MouseOperations" name="MoveToelement">
    <skipped/>
  </testcase> <!-- MoveToelement -->
  <testcase classname="actions.MouseOperations" name="resizeMethod">
    <skipped/>
  </testcase> <!-- resizeMethod -->
  <testcase classname="actions.MouseOperations" name="slider">
    <skipped/>
  </testcase> <!-- slider -->
  <testcase classname="actions.MouseOperations" name="Browserslider">
    <skipped/>
  </testcase> <!-- Browserslider -->
  <testcase classname="actions.MouseOperations" name="rightClickMethod">
    <skipped/>
  </testcase> <!-- rightClickMethod -->
</testsuite> <!-- actions.MouseOperations -->
