<?xml version="1.0" encoding="UTF-8"?>
<!-- Generated by org.testng.reporters.JUnitReportReporter -->
<testsuite hostname="DESKTOP-JCJ8HOK" failures="0" tests="2" name="excelDataDriven.DataManagementFinalVision" time="0.062" errors="0" timestamp="26 Oct 2021 13:28:34 GMT" skipped="0">
  <testcase classname="excelDataDriven.DataManagementFinalVision" name="f" time="0.057"/>
  <testcase classname="excelDataDriven.DataManagementFinalVision" name="f" time="0.005"/>
</testsuite> <!-- excelDataDriven.DataManagementFinalVision -->
