<?xml version="1.0" encoding="UTF-8"?>
<!-- Generated by org.testng.reporters.JUnitReportReporter -->
<testsuite hostname="DESKTOP-JCJ8HOK" failures="0" tests="1" name="com.project.TNG_001" time="0.017" errors="0" timestamp="2021-10-12T19:09:13 IST" skipped="0">
  <testcase classname="com.project.TNG_001" name="f" time="0.017"/>
  <system-out/>
</testsuite> <!-- com.project.TNG_001 -->
