<?xml version="1.0" encoding="UTF-8"?>
<!-- Generated by org.testng.reporters.JUnitReportReporter -->
<testsuite hostname="DESKTOP-JCJ8HOK" failures="0" tests="1" name="com.project.CheckBox1" time="12.666" errors="0" timestamp="2021-10-13T18:58:20 IST" skipped="0">
  <testcase classname="com.project.CheckBox1" name="checkboxTest" time="12.666"/>
  <system-out/>
</testsuite> <!-- com.project.CheckBox1 -->
