<?xml version="1.0" encoding="UTF-8"?>
<!-- Generated by org.testng.reporters.JUnitReportReporter -->
<testsuite hostname="DESKTOP-JCJ8HOK" failures="0" tests="4" name="com.project.TestDependency" time="0.027" errors="0" timestamp="2021-10-19T18:50:06 IST" skipped="2">
  <testcase classname="com.project.TestDependency" name="orange" time="0.019"/>
  <system-out/>
  <testcase classname="com.project.TestDependency" name="white" time="0.002"/>
  <system-out/>
  <testcase classname="com.project.TestDependency" name="blue" time="0.006">
    <skipped/>
  </testcase> <!-- blue -->
  <system-out/>
  <testcase classname="com.project.TestDependency" name="green" time="0.000">
    <skipped/>
  </testcase> <!-- green -->
  <system-out/>
</testsuite> <!-- com.project.TestDependency -->
