<?xml version="1.0" encoding="UTF-8"?>
<!-- Generated by org.testng.reporters.JUnitReportReporter -->
<testsuite hostname="DESKTOP-JCJ8HOK" failures="0" tests="1" name="switches.FileUpload" time="17.538" errors="0" timestamp="03 Nov 2021 14:10:38 GMT" skipped="0">
  <testcase classname="switches.FileUpload" name="fileupload" time="17.538"/>
</testsuite> <!-- switches.FileUpload -->
