<?xml version="1.0" encoding="UTF-8"?>
<!-- Generated by org.testng.reporters.JUnitReportReporter -->
<testsuite hostname="DESKTOP-JCJ8HOK" failures="0" tests="1" name="switches.AlertHandling" time="15.554" errors="0" timestamp="02 Nov 2021 13:26:57 GMT" skipped="0">
  <testcase classname="switches.AlertHandling" name="f" time="15.554"/>
</testsuite> <!-- switches.AlertHandling -->
