<?xml version="1.0" encoding="UTF-8"?>
<!-- Generated by org.testng.reporters.JUnitReportReporter -->
<testsuite hostname="DESKTOP-JCJ8HOK" failures="0" tests="3" name="excelDataDriven.SampleTest" time="0.058" errors="0" timestamp="25 Oct 2021 13:15:27 GMT" skipped="0">
  <testcase classname="excelDataDriven.SampleTest" name="f" time="0.053"/>
  <testcase classname="excelDataDriven.SampleTest" name="f" time="0.003"/>
  <testcase classname="excelDataDriven.SampleTest" name="f" time="0.002"/>
</testsuite> <!-- excelDataDriven.SampleTest -->
