<?xml version="1.0" encoding="UTF-8"?>
<!-- Generated by org.testng.reporters.JUnitReportReporter -->
<testsuite hostname="DESKTOP-JCJ8HOK" failures="0" tests="3" name="excelDataDriven.DataManagementWithDataProvider" time="0.060" errors="0" timestamp="25 Oct 2021 13:25:28 GMT" skipped="0">
  <testcase classname="excelDataDriven.DataManagementWithDataProvider" name="f" time="0.007"/>
  <testcase classname="excelDataDriven.DataManagementWithDataProvider" name="f" time="0.046"/>
  <testcase classname="excelDataDriven.DataManagementWithDataProvider" name="f" time="0.007"/>
</testsuite> <!-- excelDataDriven.DataManagementWithDataProvider -->
